<?xml version="1.0" encoding="UTF-8"?>
<!-- Generated by org.testng.reporters.JUnitReportReporter -->
<testsuite hostname="TYSS-Mamatha" failures="0" tests="1" name="executions.TC5" time="5.363" errors="0" timestamp="2022-12-05T14:09:21 IST" skipped="0">
  <testcase classname="executions.TC5" name="TestCase" time="5.363"/>
  <system-out/>
</testsuite> <!-- executions.TC5 -->
