<?xml version="1.0" encoding="UTF-8"?>
<!-- Generated by org.testng.reporters.JUnitReportReporter -->
<testsuite hostname="TYSS-Mamatha" failures="0" tests="1" name="testScript.CoutingAllLink" time="8.550" errors="0" timestamp="2022-12-03T13:50:50 IST" skipped="0">
  <testcase classname="testScript.CoutingAllLink" name="demo" time="8.550"/>
  <system-out>
    <![CDATA[Browser is launched and window is maximized]]>
  </system-out>
</testsuite> <!-- testScript.CoutingAllLink -->
