<?xml version="1.0" encoding="UTF-8"?>
<!-- Generated by org.testng.reporters.JUnitReportReporter -->
<testsuite hostname="TYSS-Mamatha" failures="0" tests="1" name="testScript.DWS_login_01" time="5.763" errors="0" timestamp="2022-12-03T13:41:47 IST" skipped="0">
  <testcase classname="testScript.DWS_login_01" name="loginThough_Valid_credentials" time="5.763"/>
  <system-out>
    <![CDATA[Browser is launched and window is maximized
succesfully navigated to application
Succesfully entered login page
entered username
entered password
succesfully logged in]]>
  </system-out>
</testsuite> <!-- testScript.DWS_login_01 -->
