<?xml version="1.0" encoding="UTF-8"?>
<!-- Generated by org.testng.reporters.JUnitReportReporter -->
<testsuite hostname="TYSS-Mamatha" failures="0" tests="1" name="demoProject.CopyPaste" time="9.861" errors="0" timestamp="2022-12-06T13:21:53 IST" skipped="0">
  <testcase classname="demoProject.CopyPaste" name="sam" time="9.861"/>
  <system-out/>
</testsuite> <!-- demoProject.CopyPaste -->
