<?xml version="1.0" encoding="UTF-8"?>
<!-- Generated by org.testng.reporters.JUnitReportReporter -->
<testsuite hostname="TYSS-Mamatha" failures="0" tests="1" name="demoProject.testCase01" time="1.760" errors="0" timestamp="2022-12-05T14:18:55 IST" skipped="0">
  <testcase classname="demoProject.testCase01" name="demo" time="1.760"/>
  <system-out>
    <![CDATA[Succesfully entered login page
entered username
entered password
succesfully logged in]]>
  </system-out>
</testsuite> <!-- demoProject.testCase01 -->
