<?xml version="1.0" encoding="UTF-8"?>
<!-- Generated by org.testng.reporters.JUnitReportReporter -->
<testsuite hostname="TYSS-Mamatha" failures="0" tests="1" name="executions.TC4" time="2.323" errors="0" timestamp="2022-12-05T13:22:39 IST" skipped="0">
  <testcase classname="executions.TC4" name="TestCase" time="2.323"/>
  <system-out/>
</testsuite> <!-- executions.TC4 -->
