<?xml version="1.0" encoding="UTF-8"?>
<!-- Generated by org.testng.reporters.JUnitReportReporter -->
<testsuite hostname="TYSS-Mamatha" failures="0" tests="5" name="testNgPractice.InvocationCount" time="16.477" errors="0" timestamp="2022-12-02T14:42:51 IST" skipped="0">
  <testcase classname="testNgPractice.InvocationCount" name="Login" time="3.576"/>
  <system-out>
    <![CDATA[launched
maximized
implicit wait
quitted]]>
  </system-out>
  <testcase classname="testNgPractice.InvocationCount" name="Login" time="3.240"/>
  <system-out>
    <![CDATA[launched
maximized
implicit wait
quitted]]>
  </system-out>
  <testcase classname="testNgPractice.InvocationCount" name="Login" time="3.147"/>
  <system-out>
    <![CDATA[launched
maximized
implicit wait
quitted]]>
  </system-out>
  <testcase classname="testNgPractice.InvocationCount" name="Login" time="3.576"/>
  <system-out>
    <![CDATA[launched
maximized
implicit wait
quitted]]>
  </system-out>
  <testcase classname="testNgPractice.InvocationCount" name="Login" time="2.938"/>
  <system-out>
    <![CDATA[launched
maximized
implicit wait
quitted]]>
  </system-out>
</testsuite> <!-- testNgPractice.InvocationCount -->
