<?xml version="1.0" encoding="UTF-8"?>
<!-- Generated by org.testng.reporters.JUnitReportReporter -->
<testsuite hostname="TYSS-Mamatha" failures="0" tests="3" name="testNgPractice.TestCase1" time="0.011" errors="0" timestamp="2022-12-02T14:07:45 IST" skipped="0">
  <testcase classname="testNgPractice.TestCase1" name="mam" time="0.001"/>
  <system-out/>
  <testcase classname="testNgPractice.TestCase1" name="dam" time="0.009"/>
  <system-out/>
  <testcase classname="testNgPractice.TestCase1" name="sam" time="0.001"/>
  <system-out/>
</testsuite> <!-- testNgPractice.TestCase1 -->
