<?xml version="1.0" encoding="UTF-8"?>
<!-- Generated by org.testng.reporters.JUnitReportReporter -->
<testsuite hostname="TYSS-Mamatha" failures="0" tests="2" name="testNgPractice.enable" time="0.007" errors="0" timestamp="2022-12-02T14:12:37 IST" skipped="1">
  <testcase classname="testNgPractice.enable" name="sam" time="0.007"/>
  <system-out/>
  <testcase classname="testNgPractice.enable" name="mam">
    <skipped/>
  </testcase> <!-- mam -->
  <system-out/>
</testsuite> <!-- testNgPractice.enable -->
