<?xml version="1.0" encoding="UTF-8"?>
<!-- Generated by org.testng.reporters.JUnitReportReporter -->
<testsuite hostname="TYSS-Mamatha" failures="0" tests="3" name="testNgPractice.DependOnScript" time="0.009" errors="0" timestamp="2022-12-02T14:21:44 IST" skipped="0">
  <testcase classname="testNgPractice.DependOnScript" name="Home" time="0.002"/>
  <system-out/>
  <testcase classname="testNgPractice.DependOnScript" name="logout" time="0.001"/>
  <system-out/>
  <testcase classname="testNgPractice.DependOnScript" name="Login" time="0.006"/>
  <system-out/>
</testsuite> <!-- testNgPractice.DependOnScript -->
