<?xml version="1.0" encoding="UTF-8"?>
<!-- Generated by org.testng.reporters.JUnitReportReporter -->
<testsuite hostname="TYSS-Mamatha" failures="0" tests="2" name="testNgPractice.ConfigAnnotations" time="0.008" errors="0" timestamp="2022-12-05T14:11:34 IST" skipped="0">
  <testcase classname="testNgPractice.ConfigAnnotations" name="testing" time="0.002"/>
  <system-out/>
  <testcase classname="testNgPractice.ConfigAnnotations" name="Testcase" time="0.006"/>
  <system-out/>
</testsuite> <!-- testNgPractice.ConfigAnnotations -->
