<?xml version="1.0" encoding="UTF-8"?>
<!-- Generated by org.testng.reporters.JUnitReportReporter -->
<testsuite hostname="TYSS-Mamatha" failures="0" tests="1" name="demoProject.d" time="8.299" errors="0" timestamp="2022-12-06T09:36:05 IST" skipped="0">
  <testcase classname="demoProject.d" name="sam" time="8.299"/>
  <system-out>
    <![CDATA[Browser is launched and window is maximized]]>
  </system-out>
</testsuite> <!-- demoProject.d -->
