<?xml version="1.0" encoding="UTF-8"?>
<!-- Generated by org.testng.reporters.JUnitReportReporter -->
<testsuite hostname="TYSS-Mamatha" failures="0" tests="1" name="executions.TC01" time="4.892" errors="0" timestamp="2022-12-05T14:09:21 IST" skipped="0">
  <testcase classname="executions.TC01" name="TestCase" time="4.892"/>
  <system-out/>
</testsuite> <!-- executions.TC01 -->
